<?xml version="1.0" encoding="UTF-8"?>
<!-- Generated by org.testng.reporters.JUnitReportReporter -->
<testsuite hostname="LAPTOP-PV7MIDLB" failures="0" tests="1" name="POMTestClasses.LoginTest" time="5.941" errors="0" timestamp="2022-06-21T00:54:20 IST" skipped="0">
  <testcase classname="POMTestClasses.LoginTest" name="RunLoginTest" time="5.941"/>
  <system-out/>
</testsuite> <!-- POMTestClasses.LoginTest -->
