<?xml version="1.0" encoding="UTF-8"?>
<!-- Generated by org.testng.reporters.JUnitReportReporter -->
<testsuite hostname="LAPTOP-PV7MIDLB" failures="0" tests="1" name="POMTestClasses.UsrMgmntRegistrationMasterTest" time="5.795" errors="0" timestamp="2022-06-21T00:54:20 IST" skipped="0">
  <testcase classname="POMTestClasses.UsrMgmntRegistrationMasterTest" name="RunLoginTest" time="5.795"/>
  <system-out/>
</testsuite> <!-- POMTestClasses.UsrMgmntRegistrationMasterTest -->
