<?xml version="1.0" encoding="UTF-8"?>
<!-- Generated by org.testng.reporters.JUnitReportReporter -->
<testsuite hostname="LAPTOP-PV7MIDLB" failures="0" tests="1" name="POMTestClasses.RegisterTest" time="4.563" errors="0" timestamp="2022-06-08T15:47:24 IST" skipped="0">
  <testcase classname="POMTestClasses.RegisterTest" name="RunTest" time="4.563"/>
  <system-out/>
</testsuite> <!-- POMTestClasses.RegisterTest -->
